{"C:\\Users\\Prachi Vats\\OneDrive\\Desktop\\NamasteReactClass\\src\\components\\Body.jsx": {"path":"C:\\Users\\Prachi Vats\\OneDrive\\Desktop\\NamasteReactClass\\src\\components\\Body.jsx","statementMap":{"0":{"start":{"line":8,"column":13},"end":{"line":98,"column":1}},"1":{"start":{"line":9,"column":32},"end":{"line":9,"column":44}},"2":{"start":{"line":10,"column":36},"end":{"line":10,"column":48}},"3":{"start":{"line":11,"column":40},"end":{"line":11,"column":52}},"4":{"start":{"line":13,"column":34},"end":{"line":13,"column":63}},"5":{"start":{"line":15,"column":2},"end":{"line":17,"column":9}},"6":{"start":{"line":16,"column":4},"end":{"line":16,"column":16}},"7":{"start":{"line":19,"column":20},"end":{"line":35,"column":3}},"8":{"start":{"line":20,"column":4},"end":{"line":34,"column":5}},"9":{"start":{"line":21,"column":23},"end":{"line":21,"column":46}},"10":{"start":{"line":22,"column":19},"end":{"line":22,"column":40}},"11":{"start":{"line":24,"column":6},"end":{"line":27,"column":8}},"12":{"start":{"line":28,"column":6},"end":{"line":31,"column":8}},"13":{"start":{"line":38,"column":2},"end":{"line":40,"column":3}},"14":{"start":{"line":39,"column":4},"end":{"line":39,"column":69}},"15":{"start":{"line":42,"column":2},"end":{"line":97,"column":4}},"16":{"start":{"line":51,"column":33},"end":{"line":51,"column":67}},"17":{"start":{"line":56,"column":33},"end":{"line":60,"column":16}},"18":{"start":{"line":57,"column":16},"end":{"line":59,"column":55}},"19":{"start":{"line":61,"column":14},"end":{"line":61,"column":39}},"20":{"start":{"line":70,"column":33},"end":{"line":72,"column":15}},"21":{"start":{"line":71,"column":25},"end":{"line":71,"column":49}},"22":{"start":{"line":74,"column":14},"end":{"line":74,"column":39}},"23":{"start":{"line":84,"column":10},"end":{"line":93,"column":17}}},"fnMap":{"0":{"name":"(anonymous_0)","decl":{"start":{"line":8,"column":13},"end":{"line":8,"column":14}},"loc":{"start":{"line":8,"column":19},"end":{"line":98,"column":1}},"line":8},"1":{"name":"(anonymous_1)","decl":{"start":{"line":15,"column":12},"end":{"line":15,"column":13}},"loc":{"start":{"line":15,"column":18},"end":{"line":17,"column":3}},"line":15},"2":{"name":"(anonymous_2)","decl":{"start":{"line":19,"column":20},"end":{"line":19,"column":21}},"loc":{"start":{"line":19,"column":32},"end":{"line":35,"column":3}},"line":19},"3":{"name":"(anonymous_3)","decl":{"start":{"line":51,"column":22},"end":{"line":51,"column":23}},"loc":{"start":{"line":51,"column":33},"end":{"line":51,"column":67}},"line":51},"4":{"name":"(anonymous_4)","decl":{"start":{"line":55,"column":21},"end":{"line":55,"column":22}},"loc":{"start":{"line":55,"column":27},"end":{"line":62,"column":13}},"line":55},"5":{"name":"(anonymous_5)","decl":{"start":{"line":56,"column":48},"end":{"line":56,"column":49}},"loc":{"start":{"line":56,"column":57},"end":{"line":60,"column":15}},"line":56},"6":{"name":"(anonymous_6)","decl":{"start":{"line":69,"column":21},"end":{"line":69,"column":22}},"loc":{"start":{"line":69,"column":27},"end":{"line":75,"column":13}},"line":69},"7":{"name":"(anonymous_7)","decl":{"start":{"line":71,"column":16},"end":{"line":71,"column":17}},"loc":{"start":{"line":71,"column":25},"end":{"line":71,"column":49}},"line":71},"8":{"name":"(anonymous_8)","decl":{"start":{"line":83,"column":23},"end":{"line":83,"column":24}},"loc":{"start":{"line":84,"column":10},"end":{"line":93,"column":17}},"line":84}},"branchMap":{"0":{"loc":{"start":{"line":38,"column":2},"end":{"line":40,"column":3}},"type":"if","locations":[{"start":{"line":38,"column":2},"end":{"line":40,"column":3}},{"start":{},"end":{}}],"line":38},"1":{"loc":{"start":{"line":88,"column":13},"end":{"line":92,"column":13}},"type":"cond-expr","locations":[{"start":{"line":89,"column":14},"end":{"line":89,"column":62}},{"start":{"line":91,"column":14},"end":{"line":91,"column":53}}],"line":88}},"s":{"0":1,"1":4,"2":4,"3":4,"4":4,"5":4,"6":1,"7":4,"8":1,"9":1,"10":1,"11":1,"12":1,"13":4,"14":1,"15":3,"16":1,"17":1,"18":14,"19":1,"20":0,"21":0,"22":0,"23":32},"f":{"0":4,"1":1,"2":1,"3":1,"4":1,"5":14,"6":0,"7":0,"8":32},"b":{"0":[1,3],"1":[32,0]},"_coverageSchema":"1a1c01bbd47fc00a2c39e90264f33305004495a9","hash":"9d678c2943e457e5acb9bac4807dc3cd71fd13a1"}
,"C:\\Users\\Prachi Vats\\OneDrive\\Desktop\\NamasteReactClass\\src\\components\\Contact.jsx": {"path":"C:\\Users\\Prachi Vats\\OneDrive\\Desktop\\NamasteReactClass\\src\\components\\Contact.jsx","statementMap":{"0":{"start":{"line":4,"column":2},"end":{"line":9,"column":4}}},"fnMap":{"0":{"name":"Contact","decl":{"start":{"line":3,"column":9},"end":{"line":3,"column":16}},"loc":{"start":{"line":3,"column":19},"end":{"line":10,"column":1}},"line":3}},"branchMap":{},"s":{"0":2},"f":{"0":2},"b":{},"_coverageSchema":"1a1c01bbd47fc00a2c39e90264f33305004495a9","hash":"b8e03ed2defb5c061bcef2939fcc4dac2ca8dae6"}
,"C:\\Users\\Prachi Vats\\OneDrive\\Desktop\\NamasteReactClass\\src\\components\\Header.jsx": {"path":"C:\\Users\\Prachi Vats\\OneDrive\\Desktop\\NamasteReactClass\\src\\components\\Header.jsx","statementMap":{"0":{"start":{"line":8,"column":15},"end":{"line":44,"column":1}},"1":{"start":{"line":9,"column":23},"end":{"line":9,"column":40}},"2":{"start":{"line":10,"column":19},"end":{"line":10,"column":58}},"3":{"start":{"line":10,"column":42},"end":{"line":10,"column":57}},"4":{"start":{"line":12,"column":2},"end":{"line":43,"column":4}}},"fnMap":{"0":{"name":"(anonymous_0)","decl":{"start":{"line":8,"column":15},"end":{"line":8,"column":16}},"loc":{"start":{"line":8,"column":21},"end":{"line":44,"column":1}},"line":8},"1":{"name":"(anonymous_1)","decl":{"start":{"line":10,"column":31},"end":{"line":10,"column":32}},"loc":{"start":{"line":10,"column":42},"end":{"line":10,"column":57}},"line":10}},"branchMap":{"0":{"loc":{"start":{"line":20,"column":28},"end":{"line":20,"column":53}},"type":"cond-expr","locations":[{"start":{"line":20,"column":43},"end":{"line":20,"column":46}},{"start":{"line":20,"column":49},"end":{"line":20,"column":53}}],"line":20}},"s":{"0":1,"1":1,"2":1,"3":2,"4":1},"f":{"0":1,"1":2},"b":{"0":[1,0]},"_coverageSchema":"1a1c01bbd47fc00a2c39e90264f33305004495a9","hash":"6e6bbebe1c508a3558e37ae1a2c74db857dc2da0"}
,"C:\\Users\\Prachi Vats\\OneDrive\\Desktop\\NamasteReactClass\\src\\components\\RestaurentCard.jsx": {"path":"C:\\Users\\Prachi Vats\\OneDrive\\Desktop\\NamasteReactClass\\src\\components\\RestaurentCard.jsx","statementMap":{"0":{"start":{"line":3,"column":23},"end":{"line":18,"column":1}},"1":{"start":{"line":6,"column":61},"end":{"line":6,"column":73}},"2":{"start":{"line":7,"column":2},"end":{"line":17,"column":4}},"3":{"start":{"line":20,"column":29},"end":{"line":31,"column":1}},"4":{"start":{"line":21,"column":2},"end":{"line":30,"column":4}},"5":{"start":{"line":22,"column":4},"end":{"line":29,"column":6}}},"fnMap":{"0":{"name":"(anonymous_0)","decl":{"start":{"line":3,"column":23},"end":{"line":3,"column":24}},"loc":{"start":{"line":3,"column":40},"end":{"line":18,"column":1}},"line":3},"1":{"name":"(anonymous_1)","decl":{"start":{"line":20,"column":29},"end":{"line":20,"column":30}},"loc":{"start":{"line":20,"column":49},"end":{"line":31,"column":1}},"line":20},"2":{"name":"(anonymous_2)","decl":{"start":{"line":21,"column":9},"end":{"line":21,"column":10}},"loc":{"start":{"line":21,"column":20},"end":{"line":30,"column":3}},"line":21}},"branchMap":{},"s":{"0":2,"1":33,"2":33,"3":2,"4":4,"5":32},"f":{"0":33,"1":4,"2":32},"b":{},"_coverageSchema":"1a1c01bbd47fc00a2c39e90264f33305004495a9","hash":"33d05be6e3ebc5631fee45976343f9a0d7b40f7d"}
,"C:\\Users\\Prachi Vats\\OneDrive\\Desktop\\NamasteReactClass\\src\\components\\sum.js": {"path":"C:\\Users\\Prachi Vats\\OneDrive\\Desktop\\NamasteReactClass\\src\\components\\sum.js","statementMap":{"0":{"start":{"line":1,"column":19},"end":{"line":3,"column":1}},"1":{"start":{"line":2,"column":2},"end":{"line":2,"column":15}}},"fnMap":{"0":{"name":"(anonymous_0)","decl":{"start":{"line":1,"column":19},"end":{"line":1,"column":20}},"loc":{"start":{"line":1,"column":29},"end":{"line":3,"column":1}},"line":1}},"branchMap":{},"s":{"0":1,"1":1},"f":{"0":1},"b":{},"_coverageSchema":"1a1c01bbd47fc00a2c39e90264f33305004495a9","hash":"4aae18679ca4741a00cdffe5c69ace5007e3bdb1"}
,"C:\\Users\\Prachi Vats\\OneDrive\\Desktop\\NamasteReactClass\\utils\\appStore.js": {"path":"C:\\Users\\Prachi Vats\\OneDrive\\Desktop\\NamasteReactClass\\utils\\appStore.js","statementMap":{"0":{"start":{"line":4,"column":17},"end":{"line":8,"column":2}}},"fnMap":{},"branchMap":{},"s":{"0":1},"f":{},"b":{},"_coverageSchema":"1a1c01bbd47fc00a2c39e90264f33305004495a9","hash":"97c21afa20ea9dde61cab30298f372d7b7444735"}
,"C:\\Users\\Prachi Vats\\OneDrive\\Desktop\\NamasteReactClass\\utils\\cartSlice.js": {"path":"C:\\Users\\Prachi Vats\\OneDrive\\Desktop\\NamasteReactClass\\utils\\cartSlice.js","statementMap":{"0":{"start":{"line":3,"column":18},"end":{"line":19,"column":2}},"1":{"start":{"line":10,"column":6},"end":{"line":10,"column":38}},"2":{"start":{"line":13,"column":6},"end":{"line":13,"column":23}},"3":{"start":{"line":16,"column":6},"end":{"line":16,"column":28}},"4":{"start":{"line":21,"column":27},"end":{"line":21,"column":44}}},"fnMap":{"0":{"name":"(anonymous_0)","decl":{"start":{"line":9,"column":13},"end":{"line":9,"column":14}},"loc":{"start":{"line":9,"column":32},"end":{"line":11,"column":5}},"line":9},"1":{"name":"(anonymous_1)","decl":{"start":{"line":12,"column":16},"end":{"line":12,"column":17}},"loc":{"start":{"line":12,"column":27},"end":{"line":14,"column":5}},"line":12},"2":{"name":"(anonymous_2)","decl":{"start":{"line":15,"column":15},"end":{"line":15,"column":16}},"loc":{"start":{"line":15,"column":26},"end":{"line":17,"column":5}},"line":15}},"branchMap":{},"s":{"0":1,"1":0,"2":0,"3":0,"4":1},"f":{"0":0,"1":0,"2":0},"b":{},"_coverageSchema":"1a1c01bbd47fc00a2c39e90264f33305004495a9","hash":"674f5ab88d153f22657082bdd8a7bf8a204f1136"}
,"C:\\Users\\Prachi Vats\\OneDrive\\Desktop\\NamasteReactClass\\utils\\constant.js": {"path":"C:\\Users\\Prachi Vats\\OneDrive\\Desktop\\NamasteReactClass\\utils\\constant.js","statementMap":{"0":{"start":{"line":2,"column":2},"end":{"line":2,"column":133}},"1":{"start":{"line":5,"column":2},"end":{"line":5,"column":85}},"2":{"start":{"line":8,"column":2},"end":{"line":8,"column":147}},"3":{"start":{"line":11,"column":2},"end":{"line":11,"column":132}}},"fnMap":{},"branchMap":{},"s":{"0":3,"1":3,"2":3,"3":3},"f":{},"b":{},"_coverageSchema":"1a1c01bbd47fc00a2c39e90264f33305004495a9","hash":"a7c8506f88331275dde03c3488ac803c4e9cb01f"}
,"C:\\Users\\Prachi Vats\\OneDrive\\Desktop\\NamasteReactClass\\utils\\useLoginContext.js": {"path":"C:\\Users\\Prachi Vats\\OneDrive\\Desktop\\NamasteReactClass\\utils\\useLoginContext.js","statementMap":{"0":{"start":{"line":4,"column":24},"end":{"line":4,"column":39}},"1":{"start":{"line":6,"column":39},"end":{"line":14,"column":1}},"2":{"start":{"line":7,"column":34},"end":{"line":7,"column":49}},"3":{"start":{"line":9,"column":2},"end":{"line":13,"column":4}}},"fnMap":{"0":{"name":"(anonymous_0)","decl":{"start":{"line":6,"column":39},"end":{"line":6,"column":40}},"loc":{"start":{"line":6,"column":57},"end":{"line":14,"column":1}},"line":6}},"branchMap":{},"s":{"0":2,"1":2,"2":0,"3":0},"f":{"0":0},"b":{},"_coverageSchema":"1a1c01bbd47fc00a2c39e90264f33305004495a9","hash":"7c9c8b5a9f035d91f6cf180ef00fef7e26ba0d14"}
,"C:\\Users\\Prachi Vats\\OneDrive\\Desktop\\NamasteReactClass\\utils\\useOnlineStatus.js": {"path":"C:\\Users\\Prachi Vats\\OneDrive\\Desktop\\NamasteReactClass\\utils\\useOnlineStatus.js","statementMap":{"0":{"start":{"line":3,"column":24},"end":{"line":16,"column":1}},"1":{"start":{"line":4,"column":30},"end":{"line":4,"column":44}},"2":{"start":{"line":5,"column":2},"end":{"line":13,"column":9}},"3":{"start":{"line":6,"column":4},"end":{"line":8,"column":7}},"4":{"start":{"line":7,"column":6},"end":{"line":7,"column":22}},"5":{"start":{"line":10,"column":4},"end":{"line":12,"column":7}},"6":{"start":{"line":11,"column":6},"end":{"line":11,"column":23}},"7":{"start":{"line":15,"column":2},"end":{"line":15,"column":16}}},"fnMap":{"0":{"name":"(anonymous_0)","decl":{"start":{"line":3,"column":24},"end":{"line":3,"column":25}},"loc":{"start":{"line":3,"column":30},"end":{"line":16,"column":1}},"line":3},"1":{"name":"(anonymous_1)","decl":{"start":{"line":5,"column":12},"end":{"line":5,"column":13}},"loc":{"start":{"line":5,"column":18},"end":{"line":13,"column":3}},"line":5},"2":{"name":"(anonymous_2)","decl":{"start":{"line":6,"column":38},"end":{"line":6,"column":39}},"loc":{"start":{"line":6,"column":44},"end":{"line":8,"column":5}},"line":6},"3":{"name":"(anonymous_3)","decl":{"start":{"line":10,"column":39},"end":{"line":10,"column":40}},"loc":{"start":{"line":10,"column":45},"end":{"line":12,"column":5}},"line":10}},"branchMap":{},"s":{"0":1,"1":1,"2":1,"3":1,"4":0,"5":1,"6":0,"7":1},"f":{"0":1,"1":1,"2":0,"3":0},"b":{},"_coverageSchema":"1a1c01bbd47fc00a2c39e90264f33305004495a9","hash":"10c4874fb9b23617c52d9e58cc815eb701eb5fe9"}
}
